<?xml version="1.0" encoding="UTF-8"?>
<coverage generated="1687504086949" clover="3.2.0">
  <project timestamp="1687504086949" name="All files">
    <metrics statements="202" coveredstatements="144" conditionals="73" coveredconditionals="41" methods="65" coveredmethods="44" elements="340" coveredelements="229" complexity="0" loc="202" ncloc="202" packages="8" files="32" classes="32"/>
    <package name="assets.images">
      <metrics statements="2" coveredstatements="2" conditionals="0" coveredconditionals="0" methods="0" coveredmethods="0"/>
      <file name="lock-closed.png" path="C:\Users\barto\Desktop\FL\WannabeFrontendApp\assets\images\lock-closed.png">
        <metrics statements="1" coveredstatements="1" conditionals="0" coveredconditionals="0" methods="0" coveredmethods="0"/>
        <line num="1" count="1" type="stmt"/>
      </file>
      <file name="lock-opened.png" path="C:\Users\barto\Desktop\FL\WannabeFrontendApp\assets\images\lock-opened.png">
        <metrics statements="1" coveredstatements="1" conditionals="0" coveredconditionals="0" methods="0" coveredmethods="0"/>
        <line num="1" count="1" type="stmt"/>
      </file>
    </package>
    <package name="components.atoms">
      <metrics statements="79" coveredstatements="79" conditionals="14" coveredconditionals="14" methods="30" coveredmethods="30"/>
      <file name="AppLoading.tsx" path="C:\Users\barto\Desktop\FL\WannabeFrontendApp\components\atoms\AppLoading.tsx">
        <metrics statements="3" coveredstatements="3" conditionals="0" coveredconditionals="0" methods="1" coveredmethods="1"/>
        <line num="6" count="1" type="stmt"/>
        <line num="7" count="3" type="stmt"/>
        <line num="22" count="1" type="stmt"/>
      </file>
      <file name="BackCardHeader.tsx" path="C:\Users\barto\Desktop\FL\WannabeFrontendApp\components\atoms\BackCardHeader.tsx">
        <metrics statements="7" coveredstatements="7" conditionals="0" coveredconditionals="0" methods="3" coveredmethods="3"/>
        <line num="10" count="1" type="stmt"/>
        <line num="11" count="4" type="stmt"/>
        <line num="12" count="4" type="stmt"/>
        <line num="13" count="4" type="stmt"/>
        <line num="14" count="4" type="stmt"/>
        <line num="27" count="4" type="stmt"/>
        <line num="52" count="1" type="stmt"/>
      </file>
      <file name="BackCardQuestion.tsx" path="C:\Users\barto\Desktop\FL\WannabeFrontendApp\components\atoms\BackCardQuestion.tsx">
        <metrics statements="12" coveredstatements="12" conditionals="4" coveredconditionals="4" methods="3" coveredmethods="3"/>
        <line num="15" count="1" type="stmt"/>
        <line num="16" count="5" type="stmt"/>
        <line num="17" count="5" type="stmt"/>
        <line num="19" count="5" type="stmt"/>
        <line num="20" count="5" type="stmt"/>
        <line num="21" count="5" type="stmt"/>
        <line num="23" count="5" type="stmt"/>
        <line num="29" count="25" type="cond" truecount="2" falsecount="0"/>
        <line num="30" count="25" type="cond" truecount="2" falsecount="0"/>
        <line num="31" count="5" type="stmt"/>
        <line num="51" count="20" type="stmt"/>
        <line num="74" count="1" type="stmt"/>
      </file>
      <file name="DeckFreeMark.tsx" path="C:\Users\barto\Desktop\FL\WannabeFrontendApp\components\atoms\DeckFreeMark.tsx">
        <metrics statements="3" coveredstatements="3" conditionals="0" coveredconditionals="0" methods="1" coveredmethods="1"/>
        <line num="4" count="1" type="stmt"/>
        <line num="5" count="1" type="stmt"/>
        <line num="10" count="1" type="stmt"/>
      </file>
      <file name="DeleteAccountButton.tsx" path="C:\Users\barto\Desktop\FL\WannabeFrontendApp\components\atoms\DeleteAccountButton.tsx">
        <metrics statements="6" coveredstatements="6" conditionals="0" coveredconditionals="0" methods="4" coveredmethods="4"/>
        <line num="25" count="2" type="stmt"/>
        <line num="26" count="27" type="stmt"/>
        <line num="27" count="27" type="stmt"/>
        <line num="28" count="15" type="stmt"/>
        <line num="36" count="4" type="stmt"/>
        <line num="45" count="2" type="stmt"/>
      </file>
      <file name="FormButton.tsx" path="C:\Users\barto\Desktop\FL\WannabeFrontendApp\components\atoms\FormButton.tsx">
        <metrics statements="3" coveredstatements="3" conditionals="0" coveredconditionals="0" methods="1" coveredmethods="1"/>
        <line num="16" count="1" type="stmt"/>
        <line num="17" count="1" type="stmt"/>
        <line num="26" count="1" type="stmt"/>
      </file>
      <file name="FormForgotButton.tsx" path="C:\Users\barto\Desktop\FL\WannabeFrontendApp\components\atoms\FormForgotButton.tsx">
        <metrics statements="5" coveredstatements="5" conditionals="0" coveredconditionals="0" methods="2" coveredmethods="2"/>
        <line num="6" count="1" type="stmt"/>
        <line num="7" count="2" type="stmt"/>
        <line num="8" count="2" type="stmt"/>
        <line num="10" count="1" type="stmt"/>
        <line num="20" count="1" type="stmt"/>
      </file>
      <file name="FormHeader.tsx" path="C:\Users\barto\Desktop\FL\WannabeFrontendApp\components\atoms\FormHeader.tsx">
        <metrics statements="4" coveredstatements="4" conditionals="0" coveredconditionals="0" methods="2" coveredmethods="2"/>
        <line num="11" count="1" type="stmt"/>
        <line num="12" count="3" type="stmt"/>
        <line num="13" count="3" type="stmt"/>
        <line num="25" count="1" type="stmt"/>
      </file>
      <file name="FormInput.tsx" path="C:\Users\barto\Desktop\FL\WannabeFrontendApp\components\atoms\FormInput.tsx">
        <metrics statements="5" coveredstatements="5" conditionals="2" coveredconditionals="2" methods="2" coveredmethods="2"/>
        <line num="17" count="1" type="stmt"/>
        <line num="18" count="2" type="stmt"/>
        <line num="19" count="2" type="stmt"/>
        <line num="20" count="2" type="stmt"/>
        <line num="37" count="1" type="stmt"/>
      </file>
      <file name="FormSubmitButton.tsx" path="C:\Users\barto\Desktop\FL\WannabeFrontendApp\components\atoms\FormSubmitButton.tsx">
        <metrics statements="5" coveredstatements="5" conditionals="4" coveredconditionals="4" methods="2" coveredmethods="2"/>
        <line num="12" count="1" type="stmt"/>
        <line num="17" count="4" type="stmt"/>
        <line num="18" count="4" type="cond" truecount="2" falsecount="0"/>
        <line num="21" count="4" type="stmt"/>
        <line num="32" count="1" type="stmt"/>
      </file>
      <file name="FrontCardHeader.tsx" path="C:\Users\barto\Desktop\FL\WannabeFrontendApp\components\atoms\FrontCardHeader.tsx">
        <metrics statements="6" coveredstatements="6" conditionals="0" coveredconditionals="0" methods="3" coveredmethods="3"/>
        <line num="11" count="1" type="stmt"/>
        <line num="12" count="5" type="stmt"/>
        <line num="13" count="5" type="stmt"/>
        <line num="14" count="5" type="stmt"/>
        <line num="16" count="5" type="stmt"/>
        <line num="46" count="1" type="stmt"/>
      </file>
      <file name="FrontCardQuestion.tsx" path="C:\Users\barto\Desktop\FL\WannabeFrontendApp\components\atoms\FrontCardQuestion.tsx">
        <metrics statements="13" coveredstatements="13" conditionals="2" coveredconditionals="2" methods="3" coveredmethods="3"/>
        <line num="14" count="1" type="stmt"/>
        <line num="15" count="5" type="stmt"/>
        <line num="16" count="5" type="stmt"/>
        <line num="17" count="5" type="stmt"/>
        <line num="19" count="5" type="stmt"/>
        <line num="21" count="5" type="stmt"/>
        <line num="22" count="5" type="stmt"/>
        <line num="23" count="5" type="stmt"/>
        <line num="25" count="5" type="cond" truecount="2" falsecount="0"/>
        <line num="26" count="3" type="stmt"/>
        <line num="37" count="9" type="stmt"/>
        <line num="54" count="2" type="stmt"/>
        <line num="66" count="1" type="stmt"/>
      </file>
      <file name="LockIcon.tsx" path="C:\Users\barto\Desktop\FL\WannabeFrontendApp\components\atoms\LockIcon.tsx">
        <metrics statements="3" coveredstatements="3" conditionals="2" coveredconditionals="2" methods="1" coveredmethods="1"/>
        <line num="7" count="1" type="stmt"/>
        <line num="8" count="2" type="cond" truecount="2" falsecount="0"/>
        <line num="29" count="1" type="stmt"/>
      </file>
      <file name="NavigationButton.tsx" path="C:\Users\barto\Desktop\FL\WannabeFrontendApp\components\atoms\NavigationButton.tsx">
        <metrics statements="4" coveredstatements="4" conditionals="0" coveredconditionals="0" methods="2" coveredmethods="2"/>
        <line num="12" count="1" type="stmt"/>
        <line num="13" count="4" type="stmt"/>
        <line num="14" count="4" type="stmt"/>
        <line num="29" count="1" type="stmt"/>
      </file>
    </package>
    <package name="components.organims">
      <metrics statements="13" coveredstatements="13" conditionals="14" coveredconditionals="14" methods="3" coveredmethods="3"/>
      <file name="DeleteAccount.tsx" path="C:\Users\barto\Desktop\FL\WannabeFrontendApp\components\organims\DeleteAccount.tsx">
        <metrics statements="13" coveredstatements="13" conditionals="14" coveredconditionals="14" methods="3" coveredmethods="3"/>
        <line num="13" count="1" type="stmt"/>
        <line num="14" count="12" type="stmt"/>
        <line num="17" count="12" type="stmt"/>
        <line num="19" count="12" type="stmt"/>
        <line num="21" count="12" type="stmt"/>
        <line num="22" count="6" type="cond" truecount="2" falsecount="0"/>
        <line num="23" count="2" type="stmt"/>
        <line num="24" count="2" type="stmt"/>
        <line num="28" count="12" type="cond" truecount="2" falsecount="0"/>
        <line num="30" count="12" type="cond" truecount="4" falsecount="0"/>
        <line num="31" count="12" type="stmt"/>
        <line num="44" count="1" type="stmt"/>
        <line num="59" count="1" type="stmt"/>
      </file>
    </package>
    <package name="store">
      <metrics statements="3" coveredstatements="3" conditionals="0" coveredconditionals="0" methods="1" coveredmethods="0"/>
      <file name="apiEndpoint.ts" path="C:\Users\barto\Desktop\FL\WannabeFrontendApp\store\apiEndpoint.ts">
        <metrics statements="1" coveredstatements="1" conditionals="0" coveredconditionals="0" methods="0" coveredmethods="0"/>
        <line num="1" count="14" type="stmt"/>
      </file>
      <file name="hooks.tsx" path="C:\Users\barto\Desktop\FL\WannabeFrontendApp\store\hooks.tsx">
        <metrics statements="2" coveredstatements="2" conditionals="0" coveredconditionals="0" methods="1" coveredmethods="0"/>
        <line num="4" count="10" type="stmt"/>
        <line num="5" count="10" type="stmt"/>
      </file>
    </package>
    <package name="store.api">
      <metrics statements="26" coveredstatements="17" conditionals="2" coveredconditionals="2" methods="12" coveredmethods="3"/>
      <file name="api.ts" path="C:\Users\barto\Desktop\FL\WannabeFrontendApp\store\api\api.ts">
        <metrics statements="26" coveredstatements="17" conditionals="2" coveredconditionals="2" methods="12" coveredmethods="3"/>
        <line num="31" count="14" type="stmt"/>
        <line num="36" count="4" type="stmt"/>
        <line num="37" count="4" type="cond" truecount="2" falsecount="0"/>
        <line num="38" count="2" type="stmt"/>
        <line num="40" count="4" type="stmt"/>
        <line num="46" count="14" type="stmt"/>
        <line num="48" count="0" type="stmt"/>
        <line num="54" count="0" type="stmt"/>
        <line num="59" count="0" type="stmt"/>
        <line num="67" count="0" type="stmt"/>
        <line num="74" count="0" type="stmt"/>
        <line num="81" count="0" type="stmt"/>
        <line num="88" count="4" type="stmt"/>
        <line num="95" count="0" type="stmt"/>
        <line num="100" count="0" type="stmt"/>
        <line num="111" count="0" type="stmt"/>
        <line num="117" count="14" type="stmt"/>
        <line num="118" count="14" type="stmt"/>
        <line num="119" count="14" type="stmt"/>
        <line num="120" count="14" type="stmt"/>
        <line num="121" count="14" type="stmt"/>
        <line num="122" count="14" type="stmt"/>
        <line num="123" count="14" type="stmt"/>
        <line num="124" count="14" type="stmt"/>
        <line num="125" count="14" type="stmt"/>
        <line num="126" count="14" type="stmt"/>
      </file>
    </package>
    <package name="store.state">
      <metrics statements="51" coveredstatements="13" conditionals="20" coveredconditionals="1" methods="10" coveredmethods="0"/>
      <file name="dataUserSlice.ts" path="C:\Users\barto\Desktop\FL\WannabeFrontendApp\store\state\dataUserSlice.ts">
        <metrics statements="23" coveredstatements="3" conditionals="8" coveredconditionals="0" methods="3" coveredmethods="0"/>
        <line num="13" count="14" type="stmt"/>
        <line num="21" count="14" type="stmt"/>
        <line num="34" count="0" type="cond" truecount="0" falsecount="2"/>
        <line num="40" count="0" type="stmt"/>
        <line num="41" count="0" type="stmt"/>
        <line num="42" count="0" type="stmt"/>
        <line num="43" count="0" type="stmt"/>
        <line num="44" count="0" type="stmt"/>
        <line num="45" count="0" type="stmt"/>
        <line num="46" count="0" type="stmt"/>
        <line num="47" count="0" type="stmt"/>
        <line num="48" count="0" type="stmt"/>
        <line num="52" count="0" type="stmt"/>
        <line num="53" count="0" type="stmt"/>
        <line num="54" count="0" type="stmt"/>
        <line num="55" count="0" type="stmt"/>
        <line num="56" count="0" type="stmt"/>
        <line num="57" count="0" type="stmt"/>
        <line num="60" count="0" type="cond" truecount="0" falsecount="2"/>
        <line num="61" count="0" type="stmt"/>
        <line num="62" count="0" type="stmt"/>
        <line num="64" count="0" type="stmt"/>
        <line num="70" count="14" type="stmt"/>
      </file>
      <file name="flashCardSlice.ts" path="C:\Users\barto\Desktop\FL\WannabeFrontendApp\store\state\flashCardSlice.ts">
        <metrics statements="13" coveredstatements="3" conditionals="6" coveredconditionals="0" methods="4" coveredmethods="0"/>
        <line num="9" count="14" type="stmt"/>
        <line num="15" count="14" type="stmt"/>
        <line num="20" count="0" type="cond" truecount="0" falsecount="2"/>
        <line num="21" count="0" type="stmt"/>
        <line num="28" count="0" type="cond" truecount="0" falsecount="2"/>
        <line num="29" count="0" type="stmt"/>
        <line num="33" count="0" type="cond" truecount="0" falsecount="2"/>
        <line num="35" count="0" type="stmt"/>
        <line num="41" count="0" type="stmt"/>
        <line num="44" count="0" type="stmt"/>
        <line num="45" count="0" type="stmt"/>
        <line num="46" count="0" type="stmt"/>
        <line num="56" count="14" type="stmt"/>
      </file>
      <file name="themeSlice.ts" path="C:\Users\barto\Desktop\FL\WannabeFrontendApp\store\state\themeSlice.ts">
        <metrics statements="7" coveredstatements="4" conditionals="4" coveredconditionals="1" methods="1" coveredmethods="0"/>
        <line num="8" count="14" type="stmt"/>
        <line num="10" count="14" type="stmt"/>
        <line num="14" count="14" type="stmt"/>
        <line num="19" count="0" type="cond" truecount="0" falsecount="2"/>
        <line num="20" count="0" type="stmt"/>
        <line num="21" count="0" type="stmt"/>
        <line num="26" count="14" type="stmt"/>
      </file>
      <file name="veificationTokenSlice.ts" path="C:\Users\barto\Desktop\FL\WannabeFrontendApp\store\state\veificationTokenSlice.ts">
        <metrics statements="8" coveredstatements="3" conditionals="2" coveredconditionals="0" methods="2" coveredmethods="0"/>
        <line num="8" count="14" type="stmt"/>
        <line num="12" count="14" type="stmt"/>
        <line num="17" count="0" type="cond" truecount="0" falsecount="2"/>
        <line num="18" count="0" type="stmt"/>
        <line num="19" count="0" type="stmt"/>
        <line num="23" count="0" type="stmt"/>
        <line num="24" count="0" type="stmt"/>
        <line num="30" count="14" type="stmt"/>
      </file>
    </package>
    <package name="styles">
      <metrics statements="8" coveredstatements="8" conditionals="0" coveredconditionals="0" methods="3" coveredmethods="3"/>
      <file name="backCardTagsStyles.ts" path="C:\Users\barto\Desktop\FL\WannabeFrontendApp\styles\backCardTagsStyles.ts">
        <metrics statements="2" coveredstatements="2" conditionals="0" coveredconditionals="0" methods="1" coveredmethods="1"/>
        <line num="3" count="1" type="stmt"/>
        <line num="4" count="5" type="stmt"/>
      </file>
      <file name="codeBlockTheme.ts" path="C:\Users\barto\Desktop\FL\WannabeFrontendApp\styles\codeBlockTheme.ts">
        <metrics statements="3" coveredstatements="3" conditionals="0" coveredconditionals="0" methods="1" coveredmethods="1"/>
        <line num="1" count="2" type="stmt"/>
        <line num="153" count="2" type="stmt"/>
        <line num="154" count="10" type="stmt"/>
      </file>
      <file name="colors.ts" path="C:\Users\barto\Desktop\FL\WannabeFrontendApp\styles\colors.ts">
        <metrics statements="1" coveredstatements="1" conditionals="0" coveredconditionals="0" methods="0" coveredmethods="0"/>
        <line num="1" count="11" type="stmt"/>
      </file>
      <file name="frontCardTagsStyles.ts" path="C:\Users\barto\Desktop\FL\WannabeFrontendApp\styles\frontCardTagsStyles.ts">
        <metrics statements="2" coveredstatements="2" conditionals="0" coveredconditionals="0" methods="1" coveredmethods="1"/>
        <line num="2" count="1" type="stmt"/>
        <line num="3" count="5" type="stmt"/>
      </file>
    </package>
    <package name="utils">
      <metrics statements="20" coveredstatements="9" conditionals="23" coveredconditionals="10" methods="6" coveredmethods="5"/>
      <file name="capitalizeLetters.ts" path="C:\Users\barto\Desktop\FL\WannabeFrontendApp\utils\capitalizeLetters.ts">
        <metrics statements="6" coveredstatements="2" conditionals="8" coveredconditionals="1" methods="1" coveredmethods="1"/>
        <line num="1" count="1" type="stmt"/>
        <line num="2" count="5" type="cond" truecount="1" falsecount="1"/>
        <line num="3" count="0" type="cond" truecount="0" falsecount="2"/>
        <line num="4" count="0" type="cond" truecount="0" falsecount="2"/>
        <line num="5" count="0" type="cond" truecount="0" falsecount="2"/>
        <line num="6" count="0" type="stmt"/>
      </file>
      <file name="generateNextOrPrevNumber.ts" path="C:\Users\barto\Desktop\FL\WannabeFrontendApp\utils\generateNextOrPrevNumber.ts">
        <metrics statements="8" coveredstatements="1" conditionals="6" coveredconditionals="0" methods="1" coveredmethods="0"/>
        <line num="1" count="14" type="stmt"/>
        <line num="6" count="0" type="cond" truecount="0" falsecount="2"/>
        <line num="7" count="0" type="cond" truecount="0" falsecount="2"/>
        <line num="8" count="0" type="stmt"/>
        <line num="10" count="0" type="stmt"/>
        <line num="12" count="0" type="cond" truecount="0" falsecount="2"/>
        <line num="13" count="0" type="stmt"/>
        <line num="15" count="0" type="stmt"/>
      </file>
      <file name="isApiErrorResponse.ts" path="C:\Users\barto\Desktop\FL\WannabeFrontendApp\utils\isApiErrorResponse.ts">
        <metrics statements="1" coveredstatements="1" conditionals="5" coveredconditionals="5" methods="1" coveredmethods="1"/>
        <line num="10" count="4" type="stmt"/>
      </file>
      <file name="test-utils.tsx" path="C:\Users\barto\Desktop\FL\WannabeFrontendApp\utils\test-utils.tsx">
        <metrics statements="5" coveredstatements="5" conditionals="4" coveredconditionals="4" methods="3" coveredmethods="3"/>
        <line num="30" count="45" type="cond" truecount="2" falsecount="0"/>
        <line num="33" count="45" type="cond" truecount="2" falsecount="0"/>
        <line num="43" count="45" type="stmt"/>
        <line num="50" count="45" type="stmt"/>
        <line num="53" count="45" type="stmt"/>
      </file>
    </package>
  </project>
</coverage>
