{"C:\\Users\\barto\\Desktop\\FL\\WannabeFrontendApp\\assets\\images\\lock-closed.png": {"path":"C:\\Users\\barto\\Desktop\\FL\\WannabeFrontendApp\\assets\\images\\lock-closed.png","statementMap":{"0":{"start":{"line":1,"column":0},"end":{"line":1,"column":19}}},"fnMap":{},"branchMap":{},"s":{"0":1},"f":{},"b":{},"_coverageSchema":"1a1c01bbd47fc00a2c39e90264f33305004495a9","hash":"4715ca4082049d7e1d57dcfbf8d0d1edaf5163d4"}
,"C:\\Users\\barto\\Desktop\\FL\\WannabeFrontendApp\\assets\\images\\lock-opened.png": {"path":"C:\\Users\\barto\\Desktop\\FL\\WannabeFrontendApp\\assets\\images\\lock-opened.png","statementMap":{"0":{"start":{"line":1,"column":0},"end":{"line":1,"column":19}}},"fnMap":{},"branchMap":{},"s":{"0":1},"f":{},"b":{},"_coverageSchema":"1a1c01bbd47fc00a2c39e90264f33305004495a9","hash":"0c10534aedd4294f036080fba8beeceeea8b6eea"}
,"C:\\Users\\barto\\Desktop\\FL\\WannabeFrontendApp\\components\\atoms\\AppLoading.tsx": {"path":"C:\\Users\\barto\\Desktop\\FL\\WannabeFrontendApp\\components\\atoms\\AppLoading.tsx","statementMap":{"0":{"start":{"line":6,"column":19},"end":{"line":20,"column":1}},"1":{"start":{"line":7,"column":2},"end":{"line":19,"column":4}},"2":{"start":{"line":22,"column":15},"end":{"line":32,"column":2}}},"fnMap":{"0":{"name":"(anonymous_0)","decl":{"start":{"line":6,"column":19},"end":{"line":6,"column":20}},"loc":{"start":{"line":6,"column":63},"end":{"line":20,"column":1}},"line":6}},"branchMap":{},"s":{"0":1,"1":3,"2":1},"f":{"0":3},"b":{},"_coverageSchema":"1a1c01bbd47fc00a2c39e90264f33305004495a9","hash":"0515fcde7a450729c1d7298097b37b657c56be3d"}
,"C:\\Users\\barto\\Desktop\\FL\\WannabeFrontendApp\\components\\atoms\\BackCardHeader.tsx": {"path":"C:\\Users\\barto\\Desktop\\FL\\WannabeFrontendApp\\components\\atoms\\BackCardHeader.tsx","statementMap":{"0":{"start":{"line":10,"column":23},"end":{"line":48,"column":1}},"1":{"start":{"line":11,"column":22},"end":{"line":11,"column":52}},"2":{"start":{"line":12,"column":19},"end":{"line":12,"column":57}},"3":{"start":{"line":12,"column":45},"end":{"line":12,"column":56}},"4":{"start":{"line":13,"column":30},"end":{"line":13,"column":72}},"5":{"start":{"line":13,"column":56},"end":{"line":13,"column":71}},"6":{"start":{"line":14,"column":26},"end":{"line":25,"column":3}},"7":{"start":{"line":27,"column":2},"end":{"line":47,"column":4}},"8":{"start":{"line":52,"column":15},"end":{"line":67,"column":2}}},"fnMap":{"0":{"name":"(anonymous_0)","decl":{"start":{"line":10,"column":23},"end":{"line":10,"column":24}},"loc":{"start":{"line":10,"column":49},"end":{"line":48,"column":1}},"line":10},"1":{"name":"(anonymous_1)","decl":{"start":{"line":12,"column":34},"end":{"line":12,"column":35}},"loc":{"start":{"line":12,"column":45},"end":{"line":12,"column":56}},"line":12},"2":{"name":"(anonymous_2)","decl":{"start":{"line":13,"column":45},"end":{"line":13,"column":46}},"loc":{"start":{"line":13,"column":56},"end":{"line":13,"column":71}},"line":13}},"branchMap":{},"s":{"0":1,"1":4,"2":4,"3":4,"4":4,"5":4,"6":4,"7":4,"8":1},"f":{"0":4,"1":4,"2":4},"b":{},"_coverageSchema":"1a1c01bbd47fc00a2c39e90264f33305004495a9","hash":"9a6d659eb7501189f35be236644dbf041b51130a"}
,"C:\\Users\\barto\\Desktop\\FL\\WannabeFrontendApp\\components\\atoms\\BackCardQuestion.tsx": {"path":"C:\\Users\\barto\\Desktop\\FL\\WannabeFrontendApp\\components\\atoms\\BackCardQuestion.tsx","statementMap":{"0":{"start":{"line":15,"column":25},"end":{"line":72,"column":1}},"1":{"start":{"line":16,"column":22},"end":{"line":16,"column":52}},"2":{"start":{"line":17,"column":19},"end":{"line":17,"column":57}},"3":{"start":{"line":17,"column":45},"end":{"line":17,"column":56}},"4":{"start":{"line":19,"column":25},"end":{"line":19,"column":47}},"5":{"start":{"line":20,"column":26},"end":{"line":20,"column":61}},"6":{"start":{"line":21,"column":21},"end":{"line":21,"column":45}},"7":{"start":{"line":23,"column":2},"end":{"line":71,"column":4}},"8":{"start":{"line":29,"column":12},"end":{"line":29,"column":78}},"9":{"start":{"line":30,"column":10},"end":{"line":50,"column":11}},"10":{"start":{"line":31,"column":12},"end":{"line":49,"column":14}},"11":{"start":{"line":51,"column":10},"end":{"line":66,"column":12}},"12":{"start":{"line":74,"column":15},"end":{"line":81,"column":2}}},"fnMap":{"0":{"name":"(anonymous_0)","decl":{"start":{"line":15,"column":25},"end":{"line":15,"column":26}},"loc":{"start":{"line":15,"column":50},"end":{"line":72,"column":1}},"line":15},"1":{"name":"(anonymous_1)","decl":{"start":{"line":17,"column":34},"end":{"line":17,"column":35}},"loc":{"start":{"line":17,"column":45},"end":{"line":17,"column":56}},"line":17},"2":{"name":"(anonymous_2)","decl":{"start":{"line":27,"column":20},"end":{"line":27,"column":21}},"loc":{"start":{"line":27,"column":56},"end":{"line":67,"column":9}},"line":27}},"branchMap":{"0":{"loc":{"start":{"line":29,"column":12},"end":{"line":29,"column":78}},"type":"binary-expr","locations":[{"start":{"line":29,"column":12},"end":{"line":29,"column":26}},{"start":{"line":29,"column":30},"end":{"line":29,"column":78}}],"line":29},"1":{"loc":{"start":{"line":30,"column":10},"end":{"line":50,"column":11}},"type":"if","locations":[{"start":{"line":30,"column":10},"end":{"line":50,"column":11}},{"start":{},"end":{}}],"line":30}},"s":{"0":1,"1":5,"2":5,"3":5,"4":5,"5":5,"6":5,"7":5,"8":25,"9":25,"10":5,"11":20,"12":1},"f":{"0":5,"1":5,"2":25},"b":{"0":[25,25],"1":[5,20]},"_coverageSchema":"1a1c01bbd47fc00a2c39e90264f33305004495a9","hash":"bee7fa7fb04c9ce8e32da0432bfc47171bfbb156"}
,"C:\\Users\\barto\\Desktop\\FL\\WannabeFrontendApp\\components\\atoms\\DeckFreeMark.tsx": {"path":"C:\\Users\\barto\\Desktop\\FL\\WannabeFrontendApp\\components\\atoms\\DeckFreeMark.tsx","statementMap":{"0":{"start":{"line":4,"column":21},"end":{"line":6,"column":1}},"1":{"start":{"line":5,"column":2},"end":{"line":5,"column":47}},"2":{"start":{"line":10,"column":15},"end":{"line":21,"column":2}}},"fnMap":{"0":{"name":"(anonymous_0)","decl":{"start":{"line":4,"column":21},"end":{"line":4,"column":22}},"loc":{"start":{"line":4,"column":27},"end":{"line":6,"column":1}},"line":4}},"branchMap":{},"s":{"0":1,"1":1,"2":1},"f":{"0":1},"b":{},"_coverageSchema":"1a1c01bbd47fc00a2c39e90264f33305004495a9","hash":"a07f9868dceab8f8a82f4df554ba34621904aa61"}
,"C:\\Users\\barto\\Desktop\\FL\\WannabeFrontendApp\\components\\atoms\\DeleteAccountButton.tsx": {"path":"C:\\Users\\barto\\Desktop\\FL\\WannabeFrontendApp\\components\\atoms\\DeleteAccountButton.tsx","statementMap":{"0":{"start":{"line":25,"column":28},"end":{"line":43,"column":1}},"1":{"start":{"line":26,"column":19},"end":{"line":26,"column":57}},"2":{"start":{"line":26,"column":45},"end":{"line":26,"column":56}},"3":{"start":{"line":27,"column":17},"end":{"line":27,"column":58}},"4":{"start":{"line":27,"column":43},"end":{"line":27,"column":57}},"5":{"start":{"line":28,"column":2},"end":{"line":42,"column":4}},"6":{"start":{"line":36,"column":8},"end":{"line":36,"column":26}},"7":{"start":{"line":45,"column":15},"end":{"line":63,"column":2}}},"fnMap":{"0":{"name":"(anonymous_0)","decl":{"start":{"line":25,"column":28},"end":{"line":25,"column":29}},"loc":{"start":{"line":25,"column":71},"end":{"line":43,"column":1}},"line":25},"1":{"name":"(anonymous_1)","decl":{"start":{"line":26,"column":34},"end":{"line":26,"column":35}},"loc":{"start":{"line":26,"column":45},"end":{"line":26,"column":56}},"line":26},"2":{"name":"(anonymous_2)","decl":{"start":{"line":27,"column":32},"end":{"line":27,"column":33}},"loc":{"start":{"line":27,"column":43},"end":{"line":27,"column":57}},"line":27},"3":{"name":"(anonymous_3)","decl":{"start":{"line":35,"column":15},"end":{"line":35,"column":16}},"loc":{"start":{"line":35,"column":21},"end":{"line":37,"column":7}},"line":35}},"branchMap":{},"s":{"0":2,"1":15,"2":27,"3":15,"4":27,"5":15,"6":4,"7":2},"f":{"0":15,"1":27,"2":27,"3":4},"b":{},"_coverageSchema":"1a1c01bbd47fc00a2c39e90264f33305004495a9","hash":"277a1ec5e5999114b6d3a3ad9cae10b4e94e168b"}
,"C:\\Users\\barto\\Desktop\\FL\\WannabeFrontendApp\\components\\atoms\\FormButton.tsx": {"path":"C:\\Users\\barto\\Desktop\\FL\\WannabeFrontendApp\\components\\atoms\\FormButton.tsx","statementMap":{"0":{"start":{"line":16,"column":19},"end":{"line":24,"column":1}},"1":{"start":{"line":17,"column":2},"end":{"line":23,"column":4}},"2":{"start":{"line":26,"column":15},"end":{"line":37,"column":2}}},"fnMap":{"0":{"name":"(anonymous_0)","decl":{"start":{"line":16,"column":19},"end":{"line":16,"column":20}},"loc":{"start":{"line":16,"column":77},"end":{"line":24,"column":1}},"line":16}},"branchMap":{},"s":{"0":1,"1":1,"2":1},"f":{"0":1},"b":{},"_coverageSchema":"1a1c01bbd47fc00a2c39e90264f33305004495a9","hash":"fb15ddfb7fbb9efc6c9b8f6475a5ffd0f6563625"}
,"C:\\Users\\barto\\Desktop\\FL\\WannabeFrontendApp\\components\\atoms\\FormForgotButton.tsx": {"path":"C:\\Users\\barto\\Desktop\\FL\\WannabeFrontendApp\\components\\atoms\\FormForgotButton.tsx","statementMap":{"0":{"start":{"line":6,"column":25},"end":{"line":18,"column":1}},"1":{"start":{"line":7,"column":21},"end":{"line":7,"column":63}},"2":{"start":{"line":8,"column":2},"end":{"line":17,"column":4}},"3":{"start":{"line":10,"column":21},"end":{"line":10,"column":63}},"4":{"start":{"line":20,"column":15},"end":{"line":23,"column":2}}},"fnMap":{"0":{"name":"(anonymous_0)","decl":{"start":{"line":6,"column":25},"end":{"line":6,"column":26}},"loc":{"start":{"line":6,"column":31},"end":{"line":18,"column":1}},"line":6},"1":{"name":"(anonymous_1)","decl":{"start":{"line":10,"column":15},"end":{"line":10,"column":16}},"loc":{"start":{"line":10,"column":21},"end":{"line":10,"column":63}},"line":10}},"branchMap":{},"s":{"0":1,"1":2,"2":2,"3":1,"4":1},"f":{"0":2,"1":1},"b":{},"_coverageSchema":"1a1c01bbd47fc00a2c39e90264f33305004495a9","hash":"f1c9188bd5f3f2e00d59c7e957347d893de7aa12"}
,"C:\\Users\\barto\\Desktop\\FL\\WannabeFrontendApp\\components\\atoms\\FormHeader.tsx": {"path":"C:\\Users\\barto\\Desktop\\FL\\WannabeFrontendApp\\components\\atoms\\FormHeader.tsx","statementMap":{"0":{"start":{"line":11,"column":19},"end":{"line":23,"column":1}},"1":{"start":{"line":12,"column":19},"end":{"line":12,"column":57}},"2":{"start":{"line":12,"column":45},"end":{"line":12,"column":56}},"3":{"start":{"line":13,"column":2},"end":{"line":22,"column":4}},"4":{"start":{"line":25,"column":15},"end":{"line":40,"column":2}}},"fnMap":{"0":{"name":"(anonymous_0)","decl":{"start":{"line":11,"column":19},"end":{"line":11,"column":20}},"loc":{"start":{"line":11,"column":79},"end":{"line":23,"column":1}},"line":11},"1":{"name":"(anonymous_1)","decl":{"start":{"line":12,"column":34},"end":{"line":12,"column":35}},"loc":{"start":{"line":12,"column":45},"end":{"line":12,"column":56}},"line":12}},"branchMap":{},"s":{"0":1,"1":3,"2":3,"3":3,"4":1},"f":{"0":3,"1":3},"b":{},"_coverageSchema":"1a1c01bbd47fc00a2c39e90264f33305004495a9","hash":"dc90e4ff16de47c2bb55132bb44ea61d9cce27ce"}
,"C:\\Users\\barto\\Desktop\\FL\\WannabeFrontendApp\\components\\atoms\\FormInput.tsx": {"path":"C:\\Users\\barto\\Desktop\\FL\\WannabeFrontendApp\\components\\atoms\\FormInput.tsx","statementMap":{"0":{"start":{"line":17,"column":18},"end":{"line":35,"column":1}},"1":{"start":{"line":18,"column":19},"end":{"line":18,"column":57}},"2":{"start":{"line":18,"column":45},"end":{"line":18,"column":56}},"3":{"start":{"line":19,"column":40},"end":{"line":19,"column":45}},"4":{"start":{"line":20,"column":2},"end":{"line":34,"column":4}},"5":{"start":{"line":37,"column":15},"end":{"line":53,"column":2}}},"fnMap":{"0":{"name":"(anonymous_0)","decl":{"start":{"line":17,"column":18},"end":{"line":17,"column":19}},"loc":{"start":{"line":17,"column":45},"end":{"line":35,"column":1}},"line":17},"1":{"name":"(anonymous_1)","decl":{"start":{"line":18,"column":34},"end":{"line":18,"column":35}},"loc":{"start":{"line":18,"column":45},"end":{"line":18,"column":56}},"line":18}},"branchMap":{"0":{"loc":{"start":{"line":26,"column":9},"end":{"line":26,"column":74}},"type":"cond-expr","locations":[{"start":{"line":26,"column":17},"end":{"line":26,"column":67}},{"start":{"line":26,"column":70},"end":{"line":26,"column":74}}],"line":26}},"s":{"0":1,"1":2,"2":2,"3":2,"4":2,"5":1},"f":{"0":2,"1":2},"b":{"0":[1,1]},"_coverageSchema":"1a1c01bbd47fc00a2c39e90264f33305004495a9","hash":"5628cad8c5fc2371ecbfcbdcff1f410bde09313d"}
,"C:\\Users\\barto\\Desktop\\FL\\WannabeFrontendApp\\components\\atoms\\FormSubmitButton.tsx": {"path":"C:\\Users\\barto\\Desktop\\FL\\WannabeFrontendApp\\components\\atoms\\FormSubmitButton.tsx","statementMap":{"0":{"start":{"line":12,"column":25},"end":{"line":30,"column":1}},"1":{"start":{"line":17,"column":19},"end":{"line":17,"column":57}},"2":{"start":{"line":17,"column":45},"end":{"line":17,"column":56}},"3":{"start":{"line":18,"column":26},"end":{"line":20,"column":34}},"4":{"start":{"line":21,"column":2},"end":{"line":29,"column":4}},"5":{"start":{"line":32,"column":15},"end":{"line":40,"column":2}}},"fnMap":{"0":{"name":"(anonymous_0)","decl":{"start":{"line":12,"column":25},"end":{"line":12,"column":26}},"loc":{"start":{"line":16,"column":29},"end":{"line":30,"column":1}},"line":16},"1":{"name":"(anonymous_1)","decl":{"start":{"line":17,"column":34},"end":{"line":17,"column":35}},"loc":{"start":{"line":17,"column":45},"end":{"line":17,"column":56}},"line":17}},"branchMap":{"0":{"loc":{"start":{"line":18,"column":26},"end":{"line":20,"column":34}},"type":"cond-expr","locations":[{"start":{"line":19,"column":6},"end":{"line":19,"column":34}},{"start":{"line":20,"column":6},"end":{"line":20,"column":34}}],"line":18},"1":{"loc":{"start":{"line":24,"column":15},"end":{"line":24,"column":45}},"type":"cond-expr","locations":[{"start":{"line":24,"column":29},"end":{"line":24,"column":38}},{"start":{"line":24,"column":41},"end":{"line":24,"column":45}}],"line":24}},"s":{"0":1,"1":4,"2":4,"3":4,"4":4,"5":1},"f":{"0":4,"1":4},"b":{"0":[2,2],"1":[2,2]},"_coverageSchema":"1a1c01bbd47fc00a2c39e90264f33305004495a9","hash":"eaeaaa09ba61a7729cba6086bf13d2c1900613b4"}
,"C:\\Users\\barto\\Desktop\\FL\\WannabeFrontendApp\\components\\atoms\\FrontCardHeader.tsx": {"path":"C:\\Users\\barto\\Desktop\\FL\\WannabeFrontendApp\\components\\atoms\\FrontCardHeader.tsx","statementMap":{"0":{"start":{"line":11,"column":24},"end":{"line":42,"column":1}},"1":{"start":{"line":12,"column":19},"end":{"line":12,"column":57}},"2":{"start":{"line":12,"column":45},"end":{"line":12,"column":56}},"3":{"start":{"line":13,"column":30},"end":{"line":13,"column":72}},"4":{"start":{"line":13,"column":56},"end":{"line":13,"column":71}},"5":{"start":{"line":14,"column":34},"end":{"line":14,"column":65}},"6":{"start":{"line":16,"column":2},"end":{"line":41,"column":4}},"7":{"start":{"line":46,"column":15},"end":{"line":63,"column":2}}},"fnMap":{"0":{"name":"(anonymous_0)","decl":{"start":{"line":11,"column":24},"end":{"line":11,"column":25}},"loc":{"start":{"line":11,"column":53},"end":{"line":42,"column":1}},"line":11},"1":{"name":"(anonymous_1)","decl":{"start":{"line":12,"column":34},"end":{"line":12,"column":35}},"loc":{"start":{"line":12,"column":45},"end":{"line":12,"column":56}},"line":12},"2":{"name":"(anonymous_2)","decl":{"start":{"line":13,"column":45},"end":{"line":13,"column":46}},"loc":{"start":{"line":13,"column":56},"end":{"line":13,"column":71}},"line":13}},"branchMap":{},"s":{"0":1,"1":5,"2":5,"3":5,"4":5,"5":5,"6":5,"7":1},"f":{"0":5,"1":5,"2":5},"b":{},"_coverageSchema":"1a1c01bbd47fc00a2c39e90264f33305004495a9","hash":"ba8862ab6562ff5466e413d6678a54a92d7f2375"}
,"C:\\Users\\barto\\Desktop\\FL\\WannabeFrontendApp\\components\\atoms\\FrontCardQuestion.tsx": {"path":"C:\\Users\\barto\\Desktop\\FL\\WannabeFrontendApp\\components\\atoms\\FrontCardQuestion.tsx","statementMap":{"0":{"start":{"line":14,"column":26},"end":{"line":64,"column":1}},"1":{"start":{"line":15,"column":24},"end":{"line":15,"column":36}},"2":{"start":{"line":16,"column":23},"end":{"line":16,"column":43}},"3":{"start":{"line":17,"column":19},"end":{"line":17,"column":57}},"4":{"start":{"line":17,"column":45},"end":{"line":17,"column":56}},"5":{"start":{"line":19,"column":22},"end":{"line":19,"column":52}},"6":{"start":{"line":21,"column":25},"end":{"line":21,"column":47}},"7":{"start":{"line":22,"column":20},"end":{"line":22,"column":55}},"8":{"start":{"line":23,"column":20},"end":{"line":23,"column":45}},"9":{"start":{"line":25,"column":2},"end":{"line":53,"column":3}},"10":{"start":{"line":26,"column":4},"end":{"line":52,"column":6}},"11":{"start":{"line":37,"column":12},"end":{"line":47,"column":14}},"12":{"start":{"line":54,"column":2},"end":{"line":63,"column":4}},"13":{"start":{"line":66,"column":15},"end":{"line":74,"column":2}}},"fnMap":{"0":{"name":"(anonymous_0)","decl":{"start":{"line":14,"column":26},"end":{"line":14,"column":27}},"loc":{"start":{"line":14,"column":52},"end":{"line":64,"column":1}},"line":14},"1":{"name":"(anonymous_1)","decl":{"start":{"line":17,"column":34},"end":{"line":17,"column":35}},"loc":{"start":{"line":17,"column":45},"end":{"line":17,"column":56}},"line":17},"2":{"name":"(anonymous_2)","decl":{"start":{"line":36,"column":22},"end":{"line":36,"column":23}},"loc":{"start":{"line":36,"column":58},"end":{"line":48,"column":11}},"line":36}},"branchMap":{"0":{"loc":{"start":{"line":25,"column":2},"end":{"line":53,"column":3}},"type":"if","locations":[{"start":{"line":25,"column":2},"end":{"line":53,"column":3}},{"start":{},"end":{}}],"line":25}},"s":{"0":1,"1":5,"2":5,"3":5,"4":5,"5":5,"6":5,"7":5,"8":5,"9":5,"10":3,"11":9,"12":2,"13":1},"f":{"0":5,"1":5,"2":9},"b":{"0":[3,2]},"_coverageSchema":"1a1c01bbd47fc00a2c39e90264f33305004495a9","hash":"a66a113183b589273e8f55bf8dbb1ca451d022de"}
,"C:\\Users\\barto\\Desktop\\FL\\WannabeFrontendApp\\components\\atoms\\LockIcon.tsx": {"path":"C:\\Users\\barto\\Desktop\\FL\\WannabeFrontendApp\\components\\atoms\\LockIcon.tsx","statementMap":{"0":{"start":{"line":7,"column":17},"end":{"line":25,"column":1}},"1":{"start":{"line":8,"column":2},"end":{"line":24,"column":4}},"2":{"start":{"line":29,"column":15},"end":{"line":29,"column":36}}},"fnMap":{"0":{"name":"(anonymous_0)","decl":{"start":{"line":7,"column":17},"end":{"line":7,"column":18}},"loc":{"start":{"line":7,"column":42},"end":{"line":25,"column":1}},"line":7}},"branchMap":{"0":{"loc":{"start":{"line":8,"column":9},"end":{"line":24,"column":3}},"type":"cond-expr","locations":[{"start":{"line":9,"column":4},"end":{"line":15,"column":11}},{"start":{"line":17,"column":4},"end":{"line":23,"column":11}}],"line":8}},"s":{"0":1,"1":2,"2":1},"f":{"0":2},"b":{"0":[1,1]},"_coverageSchema":"1a1c01bbd47fc00a2c39e90264f33305004495a9","hash":"b8c9d8984e212fd4943f238ddc2831d7908b0f93"}
,"C:\\Users\\barto\\Desktop\\FL\\WannabeFrontendApp\\components\\atoms\\NavigationButton.tsx": {"path":"C:\\Users\\barto\\Desktop\\FL\\WannabeFrontendApp\\components\\atoms\\NavigationButton.tsx","statementMap":{"0":{"start":{"line":12,"column":25},"end":{"line":27,"column":1}},"1":{"start":{"line":13,"column":19},"end":{"line":13,"column":57}},"2":{"start":{"line":13,"column":45},"end":{"line":13,"column":56}},"3":{"start":{"line":14,"column":2},"end":{"line":26,"column":4}},"4":{"start":{"line":29,"column":15},"end":{"line":38,"column":2}}},"fnMap":{"0":{"name":"(anonymous_0)","decl":{"start":{"line":12,"column":25},"end":{"line":12,"column":26}},"loc":{"start":{"line":12,"column":63},"end":{"line":27,"column":1}},"line":12},"1":{"name":"(anonymous_1)","decl":{"start":{"line":13,"column":34},"end":{"line":13,"column":35}},"loc":{"start":{"line":13,"column":45},"end":{"line":13,"column":56}},"line":13}},"branchMap":{},"s":{"0":1,"1":4,"2":4,"3":4,"4":1},"f":{"0":4,"1":4},"b":{},"_coverageSchema":"1a1c01bbd47fc00a2c39e90264f33305004495a9","hash":"60126ecd9ed49a07de70130471d172d7ea428602"}
,"C:\\Users\\barto\\Desktop\\FL\\WannabeFrontendApp\\components\\organims\\DeleteAccount.tsx": {"path":"C:\\Users\\barto\\Desktop\\FL\\WannabeFrontendApp\\components\\organims\\DeleteAccount.tsx","statementMap":{"0":{"start":{"line":13,"column":22},"end":{"line":55,"column":1}},"1":{"start":{"line":14,"column":19},"end":{"line":14,"column":35}},"2":{"start":{"line":17,"column":4},"end":{"line":17,"column":30}},"3":{"start":{"line":19,"column":21},"end":{"line":19,"column":63}},"4":{"start":{"line":21,"column":2},"end":{"line":26,"column":18}},"5":{"start":{"line":22,"column":4},"end":{"line":25,"column":5}},"6":{"start":{"line":23,"column":6},"end":{"line":23,"column":25}},"7":{"start":{"line":24,"column":6},"end":{"line":24,"column":41}},"8":{"start":{"line":28,"column":26},"end":{"line":28,"column":56}},"9":{"start":{"line":30,"column":4},"end":{"line":30,"column":68}},"10":{"start":{"line":31,"column":2},"end":{"line":54,"column":4}},"11":{"start":{"line":44,"column":12},"end":{"line":49,"column":14}},"12":{"start":{"line":59,"column":15},"end":{"line":77,"column":2}}},"fnMap":{"0":{"name":"(anonymous_0)","decl":{"start":{"line":13,"column":22},"end":{"line":13,"column":23}},"loc":{"start":{"line":13,"column":28},"end":{"line":55,"column":1}},"line":13},"1":{"name":"(anonymous_1)","decl":{"start":{"line":21,"column":12},"end":{"line":21,"column":13}},"loc":{"start":{"line":21,"column":18},"end":{"line":26,"column":3}},"line":21},"2":{"name":"(anonymous_2)","decl":{"start":{"line":43,"column":32},"end":{"line":43,"column":33}},"loc":{"start":{"line":43,"column":49},"end":{"line":50,"column":11}},"line":43}},"branchMap":{"0":{"loc":{"start":{"line":22,"column":4},"end":{"line":25,"column":5}},"type":"if","locations":[{"start":{"line":22,"column":4},"end":{"line":25,"column":5}},{"start":{},"end":{}}],"line":22},"1":{"loc":{"start":{"line":28,"column":26},"end":{"line":28,"column":56}},"type":"binary-expr","locations":[{"start":{"line":28,"column":26},"end":{"line":28,"column":31}},{"start":{"line":28,"column":35},"end":{"line":28,"column":56}}],"line":28},"2":{"loc":{"start":{"line":30,"column":4},"end":{"line":30,"column":68}},"type":"binary-expr","locations":[{"start":{"line":30,"column":4},"end":{"line":30,"column":9}},{"start":{"line":30,"column":13},"end":{"line":30,"column":33}},{"start":{"line":30,"column":37},"end":{"line":30,"column":47}},{"start":{"line":30,"column":51},"end":{"line":30,"column":68}}],"line":30},"3":{"loc":{"start":{"line":33,"column":7},"end":{"line":33,"column":77}},"type":"binary-expr","locations":[{"start":{"line":33,"column":7},"end":{"line":33,"column":16}},{"start":{"line":33,"column":20},"end":{"line":33,"column":77}}],"line":33},"4":{"loc":{"start":{"line":36,"column":9},"end":{"line":40,"column":9}},"type":"binary-expr","locations":[{"start":{"line":36,"column":9},"end":{"line":36,"column":24}},{"start":{"line":37,"column":10},"end":{"line":39,"column":17}}],"line":36},"5":{"loc":{"start":{"line":42,"column":9},"end":{"line":50,"column":12}},"type":"binary-expr","locations":[{"start":{"line":42,"column":9},"end":{"line":42,"column":19}},{"start":{"line":43,"column":10},"end":{"line":50,"column":12}}],"line":42}},"s":{"0":1,"1":12,"2":12,"3":12,"4":12,"5":6,"6":2,"7":2,"8":12,"9":12,"10":12,"11":1,"12":1},"f":{"0":12,"1":6,"2":1},"b":{"0":[2,4],"1":[12,2],"2":[12,2,1,1],"3":[12,4],"4":[12,1],"5":[12,1]},"_coverageSchema":"1a1c01bbd47fc00a2c39e90264f33305004495a9","hash":"36b37802df4c290d94eabe5459a095920fcd57f8"}
,"C:\\Users\\barto\\Desktop\\FL\\WannabeFrontendApp\\store\\apiEndpoint.ts": {"path":"C:\\Users\\barto\\Desktop\\FL\\WannabeFrontendApp\\store\\apiEndpoint.ts","statementMap":{"0":{"start":{"line":1,"column":27},"end":{"line":1,"column":56}}},"fnMap":{},"branchMap":{},"s":{"0":14},"f":{},"b":{},"_coverageSchema":"1a1c01bbd47fc00a2c39e90264f33305004495a9","hash":"4ec0130d1dca43dbfc868779f2d1190530f29475"}
,"C:\\Users\\barto\\Desktop\\FL\\WannabeFrontendApp\\store\\hooks.tsx": {"path":"C:\\Users\\barto\\Desktop\\FL\\WannabeFrontendApp\\store\\hooks.tsx","statementMap":{"0":{"start":{"line":4,"column":30},"end":{"line":4,"column":62}},"1":{"start":{"line":4,"column":36},"end":{"line":4,"column":62}},"2":{"start":{"line":5,"column":63},"end":{"line":5,"column":74}}},"fnMap":{"0":{"name":"(anonymous_0)","decl":{"start":{"line":4,"column":30},"end":{"line":4,"column":31}},"loc":{"start":{"line":4,"column":36},"end":{"line":4,"column":62}},"line":4}},"branchMap":{},"s":{"0":10,"1":0,"2":10},"f":{"0":0},"b":{},"_coverageSchema":"1a1c01bbd47fc00a2c39e90264f33305004495a9","hash":"dff2aeb5a7431ade0cc0094a259c53baa65bef8a"}
,"C:\\Users\\barto\\Desktop\\FL\\WannabeFrontendApp\\store\\api\\api.ts": {"path":"C:\\Users\\barto\\Desktop\\FL\\WannabeFrontendApp\\store\\api\\api.ts","statementMap":{"0":{"start":{"line":31,"column":19},"end":{"line":116,"column":2}},"1":{"start":{"line":36,"column":20},"end":{"line":36,"column":60}},"2":{"start":{"line":37,"column":6},"end":{"line":39,"column":7}},"3":{"start":{"line":38,"column":8},"end":{"line":38,"column":56}},"4":{"start":{"line":40,"column":6},"end":{"line":40,"column":21}},"5":{"start":{"line":46,"column":27},"end":{"line":115,"column":3}},"6":{"start":{"line":48,"column":32},"end":{"line":50,"column":7}},"7":{"start":{"line":54,"column":25},"end":{"line":56,"column":7}},"8":{"start":{"line":59,"column":24},"end":{"line":63,"column":7}},"9":{"start":{"line":67,"column":24},"end":{"line":71,"column":7}},"10":{"start":{"line":74,"column":31},"end":{"line":78,"column":7}},"11":{"start":{"line":81,"column":25},"end":{"line":85,"column":7}},"12":{"start":{"line":88,"column":22},"end":{"line":92,"column":7}},"13":{"start":{"line":95,"column":20},"end":{"line":97,"column":7}},"14":{"start":{"line":100,"column":24},"end":{"line":108,"column":7}},"15":{"start":{"line":111,"column":20},"end":{"line":113,"column":7}},"16":{"start":{"line":117,"column":52},"end":{"line":117,"column":55}},"17":{"start":{"line":118,"column":41},"end":{"line":118,"column":44}},"18":{"start":{"line":119,"column":41},"end":{"line":119,"column":44}},"19":{"start":{"line":120,"column":36},"end":{"line":120,"column":39}},"20":{"start":{"line":121,"column":44},"end":{"line":121,"column":47}},"21":{"start":{"line":122,"column":42},"end":{"line":122,"column":45}},"22":{"start":{"line":123,"column":44},"end":{"line":123,"column":47}},"23":{"start":{"line":124,"column":55},"end":{"line":124,"column":58}},"24":{"start":{"line":125,"column":44},"end":{"line":125,"column":47}},"25":{"start":{"line":126,"column":50},"end":{"line":126,"column":53}}},"fnMap":{"0":{"name":"(anonymous_0)","decl":{"start":{"line":35,"column":20},"end":{"line":35,"column":21}},"loc":{"start":{"line":35,"column":47},"end":{"line":41,"column":5}},"line":35},"1":{"name":"(anonymous_1)","decl":{"start":{"line":46,"column":13},"end":{"line":46,"column":14}},"loc":{"start":{"line":46,"column":27},"end":{"line":115,"column":3}},"line":46},"2":{"name":"(anonymous_2)","decl":{"start":{"line":48,"column":13},"end":{"line":48,"column":14}},"loc":{"start":{"line":48,"column":32},"end":{"line":50,"column":7}},"line":48},"3":{"name":"(anonymous_3)","decl":{"start":{"line":54,"column":13},"end":{"line":54,"column":14}},"loc":{"start":{"line":54,"column":25},"end":{"line":56,"column":7}},"line":54},"4":{"name":"(anonymous_4)","decl":{"start":{"line":59,"column":13},"end":{"line":59,"column":14}},"loc":{"start":{"line":59,"column":24},"end":{"line":63,"column":7}},"line":59},"5":{"name":"(anonymous_5)","decl":{"start":{"line":67,"column":13},"end":{"line":67,"column":14}},"loc":{"start":{"line":67,"column":24},"end":{"line":71,"column":7}},"line":67},"6":{"name":"(anonymous_6)","decl":{"start":{"line":74,"column":13},"end":{"line":74,"column":14}},"loc":{"start":{"line":74,"column":31},"end":{"line":78,"column":7}},"line":74},"7":{"name":"(anonymous_7)","decl":{"start":{"line":81,"column":13},"end":{"line":81,"column":14}},"loc":{"start":{"line":81,"column":25},"end":{"line":85,"column":7}},"line":81},"8":{"name":"(anonymous_8)","decl":{"start":{"line":88,"column":13},"end":{"line":88,"column":14}},"loc":{"start":{"line":88,"column":22},"end":{"line":92,"column":7}},"line":88},"9":{"name":"(anonymous_9)","decl":{"start":{"line":95,"column":13},"end":{"line":95,"column":14}},"loc":{"start":{"line":95,"column":20},"end":{"line":97,"column":7}},"line":95},"10":{"name":"(anonymous_10)","decl":{"start":{"line":100,"column":13},"end":{"line":100,"column":14}},"loc":{"start":{"line":100,"column":24},"end":{"line":108,"column":7}},"line":100},"11":{"name":"(anonymous_11)","decl":{"start":{"line":111,"column":13},"end":{"line":111,"column":14}},"loc":{"start":{"line":111,"column":20},"end":{"line":113,"column":7}},"line":111}},"branchMap":{"0":{"loc":{"start":{"line":37,"column":6},"end":{"line":39,"column":7}},"type":"if","locations":[{"start":{"line":37,"column":6},"end":{"line":39,"column":7}},{"start":{},"end":{}}],"line":37}},"s":{"0":14,"1":4,"2":4,"3":2,"4":4,"5":14,"6":0,"7":0,"8":0,"9":0,"10":0,"11":0,"12":4,"13":0,"14":0,"15":0,"16":14,"17":14,"18":14,"19":14,"20":14,"21":14,"22":14,"23":14,"24":14,"25":14},"f":{"0":4,"1":14,"2":0,"3":0,"4":0,"5":0,"6":0,"7":0,"8":4,"9":0,"10":0,"11":0},"b":{"0":[2,2]},"_coverageSchema":"1a1c01bbd47fc00a2c39e90264f33305004495a9","hash":"a2f8a0f8b2231f371f8f461ec0728deeae1f64e9"}
,"C:\\Users\\barto\\Desktop\\FL\\WannabeFrontendApp\\store\\state\\dataUserSlice.ts": {"path":"C:\\Users\\barto\\Desktop\\FL\\WannabeFrontendApp\\store\\state\\dataUserSlice.ts","statementMap":{"0":{"start":{"line":13,"column":27},"end":{"line":19,"column":1}},"1":{"start":{"line":21,"column":24},"end":{"line":68,"column":2}},"2":{"start":{"line":34,"column":6},"end":{"line":49,"column":7}},"3":{"start":{"line":40,"column":8},"end":{"line":40,"column":43}},"4":{"start":{"line":41,"column":8},"end":{"line":41,"column":37}},"5":{"start":{"line":42,"column":8},"end":{"line":42,"column":43}},"6":{"start":{"line":43,"column":8},"end":{"line":43,"column":51}},"7":{"start":{"line":44,"column":8},"end":{"line":44,"column":32}},"8":{"start":{"line":45,"column":8},"end":{"line":45,"column":60}},"9":{"start":{"line":46,"column":8},"end":{"line":46,"column":54}},"10":{"start":{"line":47,"column":8},"end":{"line":47,"column":60}},"11":{"start":{"line":48,"column":8},"end":{"line":48,"column":68}},"12":{"start":{"line":52,"column":6},"end":{"line":52,"column":25}},"13":{"start":{"line":53,"column":6},"end":{"line":53,"column":31}},"14":{"start":{"line":54,"column":6},"end":{"line":54,"column":39}},"15":{"start":{"line":55,"column":6},"end":{"line":55,"column":36}},"16":{"start":{"line":56,"column":6},"end":{"line":56,"column":39}},"17":{"start":{"line":57,"column":6},"end":{"line":57,"column":43}},"18":{"start":{"line":60,"column":6},"end":{"line":65,"column":7}},"19":{"start":{"line":61,"column":33},"end":{"line":61,"column":65}},"20":{"start":{"line":62,"column":8},"end":{"line":62,"column":43}},"21":{"start":{"line":64,"column":8},"end":{"line":64,"column":59}},"22":{"start":{"line":70,"column":46},"end":{"line":70,"column":62}}},"fnMap":{"0":{"name":"(anonymous_0)","decl":{"start":{"line":25,"column":11},"end":{"line":25,"column":12}},"loc":{"start":{"line":33,"column":9},"end":{"line":50,"column":5}},"line":33},"1":{"name":"(anonymous_1)","decl":{"start":{"line":51,"column":12},"end":{"line":51,"column":13}},"loc":{"start":{"line":51,"column":23},"end":{"line":58,"column":5}},"line":51},"2":{"name":"(anonymous_2)","decl":{"start":{"line":59,"column":17},"end":{"line":59,"column":18}},"loc":{"start":{"line":59,"column":66},"end":{"line":66,"column":5}},"line":59}},"branchMap":{"0":{"loc":{"start":{"line":34,"column":6},"end":{"line":49,"column":7}},"type":"if","locations":[{"start":{"line":34,"column":6},"end":{"line":49,"column":7}},{"start":{},"end":{}}],"line":34},"1":{"loc":{"start":{"line":35,"column":8},"end":{"line":38,"column":32}},"type":"binary-expr","locations":[{"start":{"line":35,"column":8},"end":{"line":35,"column":28}},{"start":{"line":36,"column":8},"end":{"line":36,"column":25}},{"start":{"line":37,"column":8},"end":{"line":37,"column":28}},{"start":{"line":38,"column":8},"end":{"line":38,"column":32}}],"line":35},"2":{"loc":{"start":{"line":60,"column":6},"end":{"line":65,"column":7}},"type":"if","locations":[{"start":{"line":60,"column":6},"end":{"line":65,"column":7}},{"start":{},"end":{}}],"line":60}},"s":{"0":14,"1":14,"2":0,"3":0,"4":0,"5":0,"6":0,"7":0,"8":0,"9":0,"10":0,"11":0,"12":0,"13":0,"14":0,"15":0,"16":0,"17":0,"18":0,"19":0,"20":0,"21":0,"22":14},"f":{"0":0,"1":0,"2":0},"b":{"0":[0,0],"1":[0,0,0,0],"2":[0,0]},"_coverageSchema":"1a1c01bbd47fc00a2c39e90264f33305004495a9","hash":"e78d936eb38d7279fd44a16b2ebc4874c2efc14b"}
,"C:\\Users\\barto\\Desktop\\FL\\WannabeFrontendApp\\store\\state\\flashCardSlice.ts": {"path":"C:\\Users\\barto\\Desktop\\FL\\WannabeFrontendApp\\store\\state\\flashCardSlice.ts","statementMap":{"0":{"start":{"line":9,"column":38},"end":{"line":13,"column":1}},"1":{"start":{"line":15,"column":30},"end":{"line":49,"column":2}},"2":{"start":{"line":20,"column":6},"end":{"line":22,"column":7}},"3":{"start":{"line":21,"column":8},"end":{"line":21,"column":46}},"4":{"start":{"line":28,"column":6},"end":{"line":30,"column":7}},"5":{"start":{"line":29,"column":8},"end":{"line":29,"column":46}},"6":{"start":{"line":33,"column":6},"end":{"line":33,"column":40}},"7":{"start":{"line":33,"column":33},"end":{"line":33,"column":40}},"8":{"start":{"line":35,"column":24},"end":{"line":39,"column":7}},"9":{"start":{"line":41,"column":6},"end":{"line":41,"column":40}},"10":{"start":{"line":44,"column":6},"end":{"line":44,"column":32}},"11":{"start":{"line":45,"column":6},"end":{"line":45,"column":34}},"12":{"start":{"line":46,"column":6},"end":{"line":46,"column":37}},"13":{"start":{"line":56,"column":4},"end":{"line":56,"column":26}}},"fnMap":{"0":{"name":"(anonymous_0)","decl":{"start":{"line":19,"column":23},"end":{"line":19,"column":24}},"loc":{"start":{"line":19,"column":75},"end":{"line":23,"column":5}},"line":19},"1":{"name":"(anonymous_1)","decl":{"start":{"line":24,"column":23},"end":{"line":24,"column":24}},"loc":{"start":{"line":27,"column":9},"end":{"line":31,"column":5}},"line":27},"2":{"name":"(anonymous_2)","decl":{"start":{"line":32,"column":14},"end":{"line":32,"column":15}},"loc":{"start":{"line":32,"column":69},"end":{"line":42,"column":5}},"line":32},"3":{"name":"(anonymous_3)","decl":{"start":{"line":43,"column":21},"end":{"line":43,"column":22}},"loc":{"start":{"line":43,"column":32},"end":{"line":47,"column":5}},"line":43}},"branchMap":{"0":{"loc":{"start":{"line":20,"column":6},"end":{"line":22,"column":7}},"type":"if","locations":[{"start":{"line":20,"column":6},"end":{"line":22,"column":7}},{"start":{},"end":{}}],"line":20},"1":{"loc":{"start":{"line":28,"column":6},"end":{"line":30,"column":7}},"type":"if","locations":[{"start":{"line":28,"column":6},"end":{"line":30,"column":7}},{"start":{},"end":{}}],"line":28},"2":{"loc":{"start":{"line":33,"column":6},"end":{"line":33,"column":40}},"type":"if","locations":[{"start":{"line":33,"column":6},"end":{"line":33,"column":40}},{"start":{},"end":{}}],"line":33}},"s":{"0":14,"1":14,"2":0,"3":0,"4":0,"5":0,"6":0,"7":0,"8":0,"9":0,"10":0,"11":0,"12":0,"13":14},"f":{"0":0,"1":0,"2":0,"3":0},"b":{"0":[0,0],"1":[0,0],"2":[0,0]},"_coverageSchema":"1a1c01bbd47fc00a2c39e90264f33305004495a9","hash":"5d160f572d44bfea76f0b8055987272e3ad2988d"}
,"C:\\Users\\barto\\Desktop\\FL\\WannabeFrontendApp\\store\\state\\themeSlice.ts": {"path":"C:\\Users\\barto\\Desktop\\FL\\WannabeFrontendApp\\store\\state\\themeSlice.ts","statementMap":{"0":{"start":{"line":8,"column":20},"end":{"line":8,"column":47}},"1":{"start":{"line":10,"column":28},"end":{"line":12,"column":1}},"2":{"start":{"line":14,"column":26},"end":{"line":24,"column":2}},"3":{"start":{"line":19,"column":6},"end":{"line":19,"column":48}},"4":{"start":{"line":19,"column":41},"end":{"line":19,"column":48}},"5":{"start":{"line":20,"column":6},"end":{"line":20,"column":51}},"6":{"start":{"line":21,"column":6},"end":{"line":21,"column":34}},"7":{"start":{"line":26,"column":31},"end":{"line":26,"column":49}}},"fnMap":{"0":{"name":"(anonymous_0)","decl":{"start":{"line":18,"column":17},"end":{"line":18,"column":18}},"loc":{"start":{"line":18,"column":69},"end":{"line":22,"column":5}},"line":18}},"branchMap":{"0":{"loc":{"start":{"line":11,"column":8},"end":{"line":11,"column":29}},"type":"binary-expr","locations":[{"start":{"line":11,"column":8},"end":{"line":11,"column":19}},{"start":{"line":11,"column":23},"end":{"line":11,"column":29}}],"line":11},"1":{"loc":{"start":{"line":19,"column":6},"end":{"line":19,"column":48}},"type":"if","locations":[{"start":{"line":19,"column":6},"end":{"line":19,"column":48}},{"start":{},"end":{}}],"line":19}},"s":{"0":14,"1":14,"2":14,"3":0,"4":0,"5":0,"6":0,"7":14},"f":{"0":0},"b":{"0":[14,0],"1":[0,0]},"_coverageSchema":"1a1c01bbd47fc00a2c39e90264f33305004495a9","hash":"ba35ca793daa71e1511a95d290ea609f0932e626"}
,"C:\\Users\\barto\\Desktop\\FL\\WannabeFrontendApp\\store\\state\\veificationTokenSlice.ts": {"path":"C:\\Users\\barto\\Desktop\\FL\\WannabeFrontendApp\\store\\state\\veificationTokenSlice.ts","statementMap":{"0":{"start":{"line":8,"column":33},"end":{"line":10,"column":1}},"1":{"start":{"line":12,"column":38},"end":{"line":27,"column":2}},"2":{"start":{"line":17,"column":6},"end":{"line":20,"column":7}},"3":{"start":{"line":18,"column":8},"end":{"line":18,"column":49}},"4":{"start":{"line":19,"column":8},"end":{"line":19,"column":66}},"5":{"start":{"line":23,"column":6},"end":{"line":23,"column":37}},"6":{"start":{"line":24,"column":6},"end":{"line":24,"column":51}},"7":{"start":{"line":30,"column":2},"end":{"line":30,"column":32}}},"fnMap":{"0":{"name":"(anonymous_0)","decl":{"start":{"line":16,"column":26},"end":{"line":16,"column":27}},"loc":{"start":{"line":16,"column":75},"end":{"line":21,"column":5}},"line":16},"1":{"name":"(anonymous_1)","decl":{"start":{"line":22,"column":29},"end":{"line":22,"column":30}},"loc":{"start":{"line":22,"column":40},"end":{"line":25,"column":5}},"line":22}},"branchMap":{"0":{"loc":{"start":{"line":17,"column":6},"end":{"line":20,"column":7}},"type":"if","locations":[{"start":{"line":17,"column":6},"end":{"line":20,"column":7}},{"start":{},"end":{}}],"line":17}},"s":{"0":14,"1":14,"2":0,"3":0,"4":0,"5":0,"6":0,"7":14},"f":{"0":0,"1":0},"b":{"0":[0,0]},"_coverageSchema":"1a1c01bbd47fc00a2c39e90264f33305004495a9","hash":"e6658bfd99e78d74917ff93a66d650f3dab3e1a2"}
,"C:\\Users\\barto\\Desktop\\FL\\WannabeFrontendApp\\styles\\backCardTagsStyles.ts": {"path":"C:\\Users\\barto\\Desktop\\FL\\WannabeFrontendApp\\styles\\backCardTagsStyles.ts","statementMap":{"0":{"start":{"line":3,"column":34},"end":{"line":58,"column":1}},"1":{"start":{"line":4,"column":2},"end":{"line":57,"column":4}}},"fnMap":{"0":{"name":"(anonymous_0)","decl":{"start":{"line":3,"column":34},"end":{"line":3,"column":35}},"loc":{"start":{"line":3,"column":62},"end":{"line":58,"column":1}},"line":3}},"branchMap":{},"s":{"0":1,"1":5},"f":{"0":5},"b":{},"_coverageSchema":"1a1c01bbd47fc00a2c39e90264f33305004495a9","hash":"19f9bf57d3e60bd547da4c954b8f002cd9c02e49"}
,"C:\\Users\\barto\\Desktop\\FL\\WannabeFrontendApp\\styles\\codeBlockTheme.ts": {"path":"C:\\Users\\barto\\Desktop\\FL\\WannabeFrontendApp\\styles\\codeBlockTheme.ts","statementMap":{"0":{"start":{"line":1,"column":34},"end":{"line":151,"column":1}},"1":{"start":{"line":153,"column":35},"end":{"line":454,"column":1}},"2":{"start":{"line":154,"column":2},"end":{"line":453,"column":4}}},"fnMap":{"0":{"name":"(anonymous_0)","decl":{"start":{"line":153,"column":35},"end":{"line":153,"column":36}},"loc":{"start":{"line":153,"column":64},"end":{"line":454,"column":1}},"line":153}},"branchMap":{},"s":{"0":2,"1":2,"2":10},"f":{"0":10},"b":{},"_coverageSchema":"1a1c01bbd47fc00a2c39e90264f33305004495a9","hash":"7b50dc3c0be27b4094b4892cd93a5485b23781c0"}
,"C:\\Users\\barto\\Desktop\\FL\\WannabeFrontendApp\\styles\\colors.ts": {"path":"C:\\Users\\barto\\Desktop\\FL\\WannabeFrontendApp\\styles\\colors.ts","statementMap":{"0":{"start":{"line":1,"column":22},"end":{"line":36,"column":1}}},"fnMap":{},"branchMap":{},"s":{"0":11},"f":{},"b":{},"_coverageSchema":"1a1c01bbd47fc00a2c39e90264f33305004495a9","hash":"cc070c08e15e7a0b9cb2b7881e448e52aa1aa153"}
,"C:\\Users\\barto\\Desktop\\FL\\WannabeFrontendApp\\styles\\frontCardTagsStyles.ts": {"path":"C:\\Users\\barto\\Desktop\\FL\\WannabeFrontendApp\\styles\\frontCardTagsStyles.ts","statementMap":{"0":{"start":{"line":2,"column":35},"end":{"line":27,"column":1}},"1":{"start":{"line":3,"column":2},"end":{"line":26,"column":4}}},"fnMap":{"0":{"name":"(anonymous_0)","decl":{"start":{"line":2,"column":35},"end":{"line":2,"column":36}},"loc":{"start":{"line":2,"column":63},"end":{"line":27,"column":1}},"line":2}},"branchMap":{},"s":{"0":1,"1":5},"f":{"0":5},"b":{},"_coverageSchema":"1a1c01bbd47fc00a2c39e90264f33305004495a9","hash":"236590c7d9da9864fdbce6b6e9eeda950e65db01"}
,"C:\\Users\\barto\\Desktop\\FL\\WannabeFrontendApp\\utils\\capitalizeLetters.ts": {"path":"C:\\Users\\barto\\Desktop\\FL\\WannabeFrontendApp\\utils\\capitalizeLetters.ts","statementMap":{"0":{"start":{"line":1,"column":33},"end":{"line":7,"column":1}},"1":{"start":{"line":2,"column":2},"end":{"line":2,"column":51}},"2":{"start":{"line":2,"column":31},"end":{"line":2,"column":51}},"3":{"start":{"line":3,"column":2},"end":{"line":3,"column":51}},"4":{"start":{"line":3,"column":31},"end":{"line":3,"column":51}},"5":{"start":{"line":4,"column":2},"end":{"line":4,"column":39}},"6":{"start":{"line":4,"column":25},"end":{"line":4,"column":39}},"7":{"start":{"line":5,"column":2},"end":{"line":5,"column":37}},"8":{"start":{"line":5,"column":24},"end":{"line":5,"column":37}},"9":{"start":{"line":6,"column":2},"end":{"line":6,"column":58}}},"fnMap":{"0":{"name":"(anonymous_0)","decl":{"start":{"line":1,"column":33},"end":{"line":1,"column":34}},"loc":{"start":{"line":1,"column":53},"end":{"line":7,"column":1}},"line":1}},"branchMap":{"0":{"loc":{"start":{"line":2,"column":2},"end":{"line":2,"column":51}},"type":"if","locations":[{"start":{"line":2,"column":2},"end":{"line":2,"column":51}},{"start":{},"end":{}}],"line":2},"1":{"loc":{"start":{"line":3,"column":2},"end":{"line":3,"column":51}},"type":"if","locations":[{"start":{"line":3,"column":2},"end":{"line":3,"column":51}},{"start":{},"end":{}}],"line":3},"2":{"loc":{"start":{"line":4,"column":2},"end":{"line":4,"column":39}},"type":"if","locations":[{"start":{"line":4,"column":2},"end":{"line":4,"column":39}},{"start":{},"end":{}}],"line":4},"3":{"loc":{"start":{"line":5,"column":2},"end":{"line":5,"column":37}},"type":"if","locations":[{"start":{"line":5,"column":2},"end":{"line":5,"column":37}},{"start":{},"end":{}}],"line":5}},"s":{"0":1,"1":5,"2":5,"3":0,"4":0,"5":0,"6":0,"7":0,"8":0,"9":0},"f":{"0":5},"b":{"0":[5,0],"1":[0,0],"2":[0,0],"3":[0,0]},"_coverageSchema":"1a1c01bbd47fc00a2c39e90264f33305004495a9","hash":"d38d08bfe4f1a9b6d4301a0d7dea3e34d8e9aeb2"}
,"C:\\Users\\barto\\Desktop\\FL\\WannabeFrontendApp\\utils\\generateNextOrPrevNumber.ts": {"path":"C:\\Users\\barto\\Desktop\\FL\\WannabeFrontendApp\\utils\\generateNextOrPrevNumber.ts","statementMap":{"0":{"start":{"line":1,"column":40},"end":{"line":17,"column":1}},"1":{"start":{"line":6,"column":2},"end":{"line":16,"column":3}},"2":{"start":{"line":7,"column":4},"end":{"line":9,"column":5}},"3":{"start":{"line":8,"column":6},"end":{"line":8,"column":15}},"4":{"start":{"line":10,"column":4},"end":{"line":10,"column":23}},"5":{"start":{"line":12,"column":4},"end":{"line":14,"column":5}},"6":{"start":{"line":13,"column":6},"end":{"line":13,"column":27}},"7":{"start":{"line":15,"column":4},"end":{"line":15,"column":23}}},"fnMap":{"0":{"name":"(anonymous_0)","decl":{"start":{"line":1,"column":40},"end":{"line":1,"column":41}},"loc":{"start":{"line":5,"column":5},"end":{"line":17,"column":1}},"line":5}},"branchMap":{"0":{"loc":{"start":{"line":6,"column":2},"end":{"line":16,"column":3}},"type":"if","locations":[{"start":{"line":6,"column":2},"end":{"line":16,"column":3}},{"start":{"line":11,"column":9},"end":{"line":16,"column":3}}],"line":6},"1":{"loc":{"start":{"line":7,"column":4},"end":{"line":9,"column":5}},"type":"if","locations":[{"start":{"line":7,"column":4},"end":{"line":9,"column":5}},{"start":{},"end":{}}],"line":7},"2":{"loc":{"start":{"line":12,"column":4},"end":{"line":14,"column":5}},"type":"if","locations":[{"start":{"line":12,"column":4},"end":{"line":14,"column":5}},{"start":{},"end":{}}],"line":12}},"s":{"0":14,"1":0,"2":0,"3":0,"4":0,"5":0,"6":0,"7":0},"f":{"0":0},"b":{"0":[0,0],"1":[0,0],"2":[0,0]},"_coverageSchema":"1a1c01bbd47fc00a2c39e90264f33305004495a9","hash":"a7a06547f7d12033238f96750791dfeea947698a"}
,"C:\\Users\\barto\\Desktop\\FL\\WannabeFrontendApp\\utils\\isApiErrorResponse.ts": {"path":"C:\\Users\\barto\\Desktop\\FL\\WannabeFrontendApp\\utils\\isApiErrorResponse.ts","statementMap":{"0":{"start":{"line":10,"column":2},"end":{"line":16,"column":4}}},"fnMap":{"0":{"name":"isApiResponse","decl":{"start":{"line":9,"column":16},"end":{"line":9,"column":29}},"loc":{"start":{"line":9,"column":73},"end":{"line":17,"column":1}},"line":9}},"branchMap":{"0":{"loc":{"start":{"line":11,"column":4},"end":{"line":15,"column":45}},"type":"binary-expr","locations":[{"start":{"line":11,"column":4},"end":{"line":11,"column":29}},{"start":{"line":12,"column":4},"end":{"line":12,"column":17}},{"start":{"line":13,"column":4},"end":{"line":13,"column":21}},{"start":{"line":14,"column":4},"end":{"line":14,"column":19}},{"start":{"line":15,"column":4},"end":{"line":15,"column":45}}],"line":11}},"s":{"0":4},"f":{"0":4},"b":{"0":[4,4,4,4,4]},"_coverageSchema":"1a1c01bbd47fc00a2c39e90264f33305004495a9","hash":"fd4579dde73001d996f3573a51760c71bccea495"}
,"C:\\Users\\barto\\Desktop\\FL\\WannabeFrontendApp\\utils\\test-utils.tsx": {"path":"C:\\Users\\barto\\Desktop\\FL\\WannabeFrontendApp\\utils\\test-utils.tsx","statementMap":{"0":{"start":{"line":30,"column":29},"end":{"line":30,"column":42}},"1":{"start":{"line":33,"column":4},"end":{"line":47,"column":6}},"2":{"start":{"line":43,"column":8},"end":{"line":45,"column":9}},"3":{"start":{"line":50,"column":4},"end":{"line":50,"column":57}},"4":{"start":{"line":53,"column":2},"end":{"line":53,"column":57}}},"fnMap":{"0":{"name":"render","decl":{"start":{"line":29,"column":9},"end":{"line":29,"column":15}},"loc":{"start":{"line":29,"column":65},"end":{"line":54,"column":1}},"line":29},"1":{"name":"(anonymous_1)","decl":{"start":{"line":42,"column":18},"end":{"line":42,"column":19}},"loc":{"start":{"line":43,"column":8},"end":{"line":45,"column":9}},"line":43},"2":{"name":"Wrapper","decl":{"start":{"line":49,"column":11},"end":{"line":49,"column":18}},"loc":{"start":{"line":49,"column":64},"end":{"line":51,"column":3}},"line":49}},"branchMap":{"0":{"loc":{"start":{"line":30,"column":29},"end":{"line":30,"column":42}},"type":"binary-expr","locations":[{"start":{"line":30,"column":29},"end":{"line":30,"column":36}},{"start":{"line":30,"column":40},"end":{"line":30,"column":42}}],"line":30},"1":{"loc":{"start":{"line":33,"column":4},"end":{"line":47,"column":6}},"type":"binary-expr","locations":[{"start":{"line":33,"column":4},"end":{"line":33,"column":18}},{"start":{"line":34,"column":4},"end":{"line":47,"column":6}}],"line":33}},"s":{"0":45,"1":45,"2":45,"3":45,"4":45},"f":{"0":45,"1":45,"2":45},"b":{"0":[45,27],"1":[45,45]},"_coverageSchema":"1a1c01bbd47fc00a2c39e90264f33305004495a9","hash":"c30e4da47e1f5fe8a278ef20f414ed8ff9384185"}
}
