TN:
SF:assets\images\lock-closed.png
FNF:0
FNH:0
DA:1,1
LF:1
LH:1
BRF:0
BRH:0
end_of_record
TN:
SF:assets\images\lock-opened.png
FNF:0
FNH:0
DA:1,1
LF:1
LH:1
BRF:0
BRH:0
end_of_record
TN:
SF:components\atoms\AppLoading.tsx
FN:6,(anonymous_0)
FNF:1
FNH:1
FNDA:3,(anonymous_0)
DA:6,1
DA:7,3
DA:22,1
LF:3
LH:3
BRF:0
BRH:0
end_of_record
TN:
SF:components\atoms\BackCardHeader.tsx
FN:10,(anonymous_0)
FN:12,(anonymous_1)
FN:13,(anonymous_2)
FNF:3
FNH:3
FNDA:4,(anonymous_0)
FNDA:4,(anonymous_1)
FNDA:4,(anonymous_2)
DA:10,1
DA:11,4
DA:12,4
DA:13,4
DA:14,4
DA:27,4
DA:52,1
LF:7
LH:7
BRF:0
BRH:0
end_of_record
TN:
SF:components\atoms\BackCardQuestion.tsx
FN:15,(anonymous_0)
FN:17,(anonymous_1)
FN:27,(anonymous_2)
FNF:3
FNH:3
FNDA:5,(anonymous_0)
FNDA:5,(anonymous_1)
FNDA:25,(anonymous_2)
DA:15,1
DA:16,5
DA:17,5
DA:19,5
DA:20,5
DA:21,5
DA:23,5
DA:29,25
DA:30,25
DA:31,5
DA:51,20
DA:74,1
LF:12
LH:12
BRDA:29,0,0,25
BRDA:29,0,1,25
BRDA:30,1,0,5
BRDA:30,1,1,20
BRF:4
BRH:4
end_of_record
TN:
SF:components\atoms\DeckFreeMark.tsx
FN:4,(anonymous_0)
FNF:1
FNH:1
FNDA:1,(anonymous_0)
DA:4,1
DA:5,1
DA:10,1
LF:3
LH:3
BRF:0
BRH:0
end_of_record
TN:
SF:components\atoms\DeleteAccountButton.tsx
FN:25,(anonymous_0)
FN:26,(anonymous_1)
FN:27,(anonymous_2)
FN:35,(anonymous_3)
FNF:4
FNH:4
FNDA:15,(anonymous_0)
FNDA:27,(anonymous_1)
FNDA:27,(anonymous_2)
FNDA:4,(anonymous_3)
DA:25,2
DA:26,27
DA:27,27
DA:28,15
DA:36,4
DA:45,2
LF:6
LH:6
BRF:0
BRH:0
end_of_record
TN:
SF:components\atoms\FormButton.tsx
FN:16,(anonymous_0)
FNF:1
FNH:1
FNDA:1,(anonymous_0)
DA:16,1
DA:17,1
DA:26,1
LF:3
LH:3
BRF:0
BRH:0
end_of_record
TN:
SF:components\atoms\FormForgotButton.tsx
FN:6,(anonymous_0)
FN:10,(anonymous_1)
FNF:2
FNH:2
FNDA:2,(anonymous_0)
FNDA:1,(anonymous_1)
DA:6,1
DA:7,2
DA:8,2
DA:10,1
DA:20,1
LF:5
LH:5
BRF:0
BRH:0
end_of_record
TN:
SF:components\atoms\FormHeader.tsx
FN:11,(anonymous_0)
FN:12,(anonymous_1)
FNF:2
FNH:2
FNDA:3,(anonymous_0)
FNDA:3,(anonymous_1)
DA:11,1
DA:12,3
DA:13,3
DA:25,1
LF:4
LH:4
BRF:0
BRH:0
end_of_record
TN:
SF:components\atoms\FormInput.tsx
FN:17,(anonymous_0)
FN:18,(anonymous_1)
FNF:2
FNH:2
FNDA:2,(anonymous_0)
FNDA:2,(anonymous_1)
DA:17,1
DA:18,2
DA:19,2
DA:20,2
DA:37,1
LF:5
LH:5
BRDA:26,0,0,1
BRDA:26,0,1,1
BRF:2
BRH:2
end_of_record
TN:
SF:components\atoms\FormSubmitButton.tsx
FN:12,(anonymous_0)
FN:17,(anonymous_1)
FNF:2
FNH:2
FNDA:4,(anonymous_0)
FNDA:4,(anonymous_1)
DA:12,1
DA:17,4
DA:18,4
DA:21,4
DA:32,1
LF:5
LH:5
BRDA:18,0,0,2
BRDA:18,0,1,2
BRDA:24,1,0,2
BRDA:24,1,1,2
BRF:4
BRH:4
end_of_record
TN:
SF:components\atoms\FrontCardHeader.tsx
FN:11,(anonymous_0)
FN:12,(anonymous_1)
FN:13,(anonymous_2)
FNF:3
FNH:3
FNDA:5,(anonymous_0)
FNDA:5,(anonymous_1)
FNDA:5,(anonymous_2)
DA:11,1
DA:12,5
DA:13,5
DA:14,5
DA:16,5
DA:46,1
LF:6
LH:6
BRF:0
BRH:0
end_of_record
TN:
SF:components\atoms\FrontCardQuestion.tsx
FN:14,(anonymous_0)
FN:17,(anonymous_1)
FN:36,(anonymous_2)
FNF:3
FNH:3
FNDA:5,(anonymous_0)
FNDA:5,(anonymous_1)
FNDA:9,(anonymous_2)
DA:14,1
DA:15,5
DA:16,5
DA:17,5
DA:19,5
DA:21,5
DA:22,5
DA:23,5
DA:25,5
DA:26,3
DA:37,9
DA:54,2
DA:66,1
LF:13
LH:13
BRDA:25,0,0,3
BRDA:25,0,1,2
BRF:2
BRH:2
end_of_record
TN:
SF:components\atoms\LockIcon.tsx
FN:7,(anonymous_0)
FNF:1
FNH:1
FNDA:2,(anonymous_0)
DA:7,1
DA:8,2
DA:29,1
LF:3
LH:3
BRDA:8,0,0,1
BRDA:8,0,1,1
BRF:2
BRH:2
end_of_record
TN:
SF:components\atoms\NavigationButton.tsx
FN:12,(anonymous_0)
FN:13,(anonymous_1)
FNF:2
FNH:2
FNDA:4,(anonymous_0)
FNDA:4,(anonymous_1)
DA:12,1
DA:13,4
DA:14,4
DA:29,1
LF:4
LH:4
BRF:0
BRH:0
end_of_record
TN:
SF:components\organims\DeleteAccount.tsx
FN:13,(anonymous_0)
FN:21,(anonymous_1)
FN:43,(anonymous_2)
FNF:3
FNH:3
FNDA:12,(anonymous_0)
FNDA:6,(anonymous_1)
FNDA:1,(anonymous_2)
DA:13,1
DA:14,12
DA:17,12
DA:19,12
DA:21,12
DA:22,6
DA:23,2
DA:24,2
DA:28,12
DA:30,12
DA:31,12
DA:44,1
DA:59,1
LF:13
LH:13
BRDA:22,0,0,2
BRDA:22,0,1,4
BRDA:28,1,0,12
BRDA:28,1,1,2
BRDA:30,2,0,12
BRDA:30,2,1,2
BRDA:30,2,2,1
BRDA:30,2,3,1
BRDA:33,3,0,12
BRDA:33,3,1,4
BRDA:36,4,0,12
BRDA:36,4,1,1
BRDA:42,5,0,12
BRDA:42,5,1,1
BRF:14
BRH:14
end_of_record
TN:
SF:store\apiEndpoint.ts
FNF:0
FNH:0
DA:1,14
LF:1
LH:1
BRF:0
BRH:0
end_of_record
TN:
SF:store\hooks.tsx
FN:4,(anonymous_0)
FNF:1
FNH:0
FNDA:0,(anonymous_0)
DA:4,10
DA:5,10
LF:2
LH:2
BRF:0
BRH:0
end_of_record
TN:
SF:store\api\api.ts
FN:35,(anonymous_0)
FN:46,(anonymous_1)
FN:48,(anonymous_2)
FN:54,(anonymous_3)
FN:59,(anonymous_4)
FN:67,(anonymous_5)
FN:74,(anonymous_6)
FN:81,(anonymous_7)
FN:88,(anonymous_8)
FN:95,(anonymous_9)
FN:100,(anonymous_10)
FN:111,(anonymous_11)
FNF:12
FNH:3
FNDA:4,(anonymous_0)
FNDA:14,(anonymous_1)
FNDA:0,(anonymous_2)
FNDA:0,(anonymous_3)
FNDA:0,(anonymous_4)
FNDA:0,(anonymous_5)
FNDA:0,(anonymous_6)
FNDA:0,(anonymous_7)
FNDA:4,(anonymous_8)
FNDA:0,(anonymous_9)
FNDA:0,(anonymous_10)
FNDA:0,(anonymous_11)
DA:31,14
DA:36,4
DA:37,4
DA:38,2
DA:40,4
DA:46,14
DA:48,0
DA:54,0
DA:59,0
DA:67,0
DA:74,0
DA:81,0
DA:88,4
DA:95,0
DA:100,0
DA:111,0
DA:117,14
DA:118,14
DA:119,14
DA:120,14
DA:121,14
DA:122,14
DA:123,14
DA:124,14
DA:125,14
DA:126,14
LF:26
LH:17
BRDA:37,0,0,2
BRDA:37,0,1,2
BRF:2
BRH:2
end_of_record
TN:
SF:store\state\dataUserSlice.ts
FN:25,(anonymous_0)
FN:51,(anonymous_1)
FN:59,(anonymous_2)
FNF:3
FNH:0
FNDA:0,(anonymous_0)
FNDA:0,(anonymous_1)
FNDA:0,(anonymous_2)
DA:13,14
DA:21,14
DA:34,0
DA:40,0
DA:41,0
DA:42,0
DA:43,0
DA:44,0
DA:45,0
DA:46,0
DA:47,0
DA:48,0
DA:52,0
DA:53,0
DA:54,0
DA:55,0
DA:56,0
DA:57,0
DA:60,0
DA:61,0
DA:62,0
DA:64,0
DA:70,14
LF:23
LH:3
BRDA:34,0,0,0
BRDA:34,0,1,0
BRDA:35,1,0,0
BRDA:35,1,1,0
BRDA:35,1,2,0
BRDA:35,1,3,0
BRDA:60,2,0,0
BRDA:60,2,1,0
BRF:8
BRH:0
end_of_record
TN:
SF:store\state\flashCardSlice.ts
FN:19,(anonymous_0)
FN:24,(anonymous_1)
FN:32,(anonymous_2)
FN:43,(anonymous_3)
FNF:4
FNH:0
FNDA:0,(anonymous_0)
FNDA:0,(anonymous_1)
FNDA:0,(anonymous_2)
FNDA:0,(anonymous_3)
DA:9,14
DA:15,14
DA:20,0
DA:21,0
DA:28,0
DA:29,0
DA:33,0
DA:35,0
DA:41,0
DA:44,0
DA:45,0
DA:46,0
DA:56,14
LF:13
LH:3
BRDA:20,0,0,0
BRDA:20,0,1,0
BRDA:28,1,0,0
BRDA:28,1,1,0
BRDA:33,2,0,0
BRDA:33,2,1,0
BRF:6
BRH:0
end_of_record
TN:
SF:store\state\themeSlice.ts
FN:18,(anonymous_0)
FNF:1
FNH:0
FNDA:0,(anonymous_0)
DA:8,14
DA:10,14
DA:14,14
DA:19,0
DA:20,0
DA:21,0
DA:26,14
LF:7
LH:4
BRDA:11,0,0,14
BRDA:11,0,1,0
BRDA:19,1,0,0
BRDA:19,1,1,0
BRF:4
BRH:1
end_of_record
TN:
SF:store\state\veificationTokenSlice.ts
FN:16,(anonymous_0)
FN:22,(anonymous_1)
FNF:2
FNH:0
FNDA:0,(anonymous_0)
FNDA:0,(anonymous_1)
DA:8,14
DA:12,14
DA:17,0
DA:18,0
DA:19,0
DA:23,0
DA:24,0
DA:30,14
LF:8
LH:3
BRDA:17,0,0,0
BRDA:17,0,1,0
BRF:2
BRH:0
end_of_record
TN:
SF:styles\backCardTagsStyles.ts
FN:3,(anonymous_0)
FNF:1
FNH:1
FNDA:5,(anonymous_0)
DA:3,1
DA:4,5
LF:2
LH:2
BRF:0
BRH:0
end_of_record
TN:
SF:styles\codeBlockTheme.ts
FN:153,(anonymous_0)
FNF:1
FNH:1
FNDA:10,(anonymous_0)
DA:1,2
DA:153,2
DA:154,10
LF:3
LH:3
BRF:0
BRH:0
end_of_record
TN:
SF:styles\colors.ts
FNF:0
FNH:0
DA:1,11
LF:1
LH:1
BRF:0
BRH:0
end_of_record
TN:
SF:styles\frontCardTagsStyles.ts
FN:2,(anonymous_0)
FNF:1
FNH:1
FNDA:5,(anonymous_0)
DA:2,1
DA:3,5
LF:2
LH:2
BRF:0
BRH:0
end_of_record
TN:
SF:utils\capitalizeLetters.ts
FN:1,(anonymous_0)
FNF:1
FNH:1
FNDA:5,(anonymous_0)
DA:1,1
DA:2,5
DA:3,0
DA:4,0
DA:5,0
DA:6,0
LF:6
LH:2
BRDA:2,0,0,5
BRDA:2,0,1,0
BRDA:3,1,0,0
BRDA:3,1,1,0
BRDA:4,2,0,0
BRDA:4,2,1,0
BRDA:5,3,0,0
BRDA:5,3,1,0
BRF:8
BRH:1
end_of_record
TN:
SF:utils\generateNextOrPrevNumber.ts
FN:1,(anonymous_0)
FNF:1
FNH:0
FNDA:0,(anonymous_0)
DA:1,14
DA:6,0
DA:7,0
DA:8,0
DA:10,0
DA:12,0
DA:13,0
DA:15,0
LF:8
LH:1
BRDA:6,0,0,0
BRDA:6,0,1,0
BRDA:7,1,0,0
BRDA:7,1,1,0
BRDA:12,2,0,0
BRDA:12,2,1,0
BRF:6
BRH:0
end_of_record
TN:
SF:utils\isApiErrorResponse.ts
FN:9,isApiResponse
FNF:1
FNH:1
FNDA:4,isApiResponse
DA:10,4
LF:1
LH:1
BRDA:11,0,0,4
BRDA:11,0,1,4
BRDA:11,0,2,4
BRDA:11,0,3,4
BRDA:11,0,4,4
BRF:5
BRH:5
end_of_record
TN:
SF:utils\test-utils.tsx
FN:29,render
FN:42,(anonymous_1)
FN:49,Wrapper
FNF:3
FNH:3
FNDA:45,render
FNDA:45,(anonymous_1)
FNDA:45,Wrapper
DA:30,45
DA:33,45
DA:43,45
DA:50,45
DA:53,45
LF:5
LH:5
BRDA:30,0,0,45
BRDA:30,0,1,27
BRDA:33,1,0,45
BRDA:33,1,1,45
BRF:4
BRH:4
end_of_record
